<?xml version="1.0" encoding="UTF-8"?>
<!-- Generated by org.testng.reporters.JUnitXMLReporter -->
<testsuite ignored="2" hostname="GSLAP13" failures="0" tests="2" name="Test" time="42.973" errors="0" timestamp="2025-03-05T17:57:57 IST">
  <testcase classname="userloveAdmin.loginTestCase.LoginWithValidCredential" name="verifyUserloginwithcorrectCredentials" time="13.788"/>
  <testcase classname="userloveAdmin.loginTestCase.LoginWithINVALIDCredential" name="verifyUserloginwithINVALIDCredentials" time="13.803"/>
  <testcase classname="userloveAdmin.loginTestCase.BaseTest" name="@BeforeSuite preSetup" time="0.0">
    <ignored/>
  </testcase> <!-- @BeforeSuite preSetup -->
  <testcase classname="userloveAdmin.loginTestCase.BaseTest" name="@AfterSuite postCleanUp" time="0.0">
    <ignored/>
  </testcase> <!-- @AfterSuite postCleanUp -->
</testsuite> <!-- Test -->
