<?xml version="1.0" encoding="UTF-8"?>
<!-- Generated by org.testng.reporters.JUnitXMLReporter -->
<testsuite ignored="0" hostname="GSLAP26" failures="0" tests="3" name="Default test" time="101.339" errors="0" timestamp="2023-08-10T12:39:52 IST">
  <testcase classname="userloveAdmin.smokeTestCase.SmokeTest" name="verifyUserloginwithcorrectCredentials" time="23.585"/>
  <testcase classname="userloveAdmin.smokeTestCase.SmokeTest" name="verifySureyPage" time="4.304"/>
  <testcase classname="userloveAdmin.smokeTestCase.SmokeTest" name="verifyCreateSurvey" time="45.949"/>
</testsuite> <!-- Default test -->
