<?xml version="1.0" encoding="UTF-8"?>
<testng-results ignored="0" total="1" passed="1" failed="0" skipped="0">
  <reporter-output>
  </reporter-output>
  <suite started-at="2024-03-06T23:30:36 IST" name="Userlove" finished-at="2024-03-06T23:31:01 IST" duration-ms="24599">
    <groups>
    </groups>
    <test started-at="2024-03-06T23:30:36 IST" name="Userlove Saas Product" finished-at="2024-03-06T23:31:01 IST" duration-ms="24599">
      <class name="userloveAdmin.loginTestCase.LoginWithValidCredential">
        <test-method is-config="true" signature="preSetup()[pri:0, instance:userloveAdmin.loginTestCase.LoginWithValidCredential@74ea2410]" started-at="2024-03-06T23:30:36 IST" name="preSetup" finished-at="2024-03-06T23:30:36 IST" duration-ms="426" status="PASS">
          <reporter-output>
          </reporter-output>
        </test-method> <!-- preSetup -->
        <test-method is-config="true" signature="setup()[pri:0, instance:userloveAdmin.loginTestCase.LoginWithValidCredential@74ea2410]" started-at="2024-03-06T23:30:36 IST" name="setup" finished-at="2024-03-06T23:30:45 IST" duration-ms="9292" status="PASS">
          <reporter-output>
          </reporter-output>
        </test-method> <!-- setup -->
        <test-method signature="verifyUserloginwithcorrectCredentials()[pri:0, instance:userloveAdmin.loginTestCase.LoginWithValidCredential@74ea2410]" started-at="2024-03-06T23:30:45 IST" name="verifyUserloginwithcorrectCredentials" finished-at="2024-03-06T23:31:00 IST" duration-ms="14201" status="PASS">
          <reporter-output>
          </reporter-output>
        </test-method> <!-- verifyUserloginwithcorrectCredentials -->
        <test-method is-config="true" signature="afterMethod(org.testng.ITestResult)[pri:0, instance:userloveAdmin.loginTestCase.LoginWithValidCredential@74ea2410]" started-at="2024-03-06T23:31:00 IST" name="afterMethod" finished-at="2024-03-06T23:31:00 IST" duration-ms="739" status="PASS">
          <params>
            <param index="0">
              <value>
                <![CDATA[[TestResult name=verifyUserloginwithcorrectCredentials status=SUCCESS method=LoginWithValidCredential.verifyUserloginwithcorrectCredentials()[pri:0, instance:userloveAdmin.loginTestCase.LoginWithValidCredential@74ea2410] output={null}]]]>
              </value>
            </param>
          </params>
          <reporter-output>
          </reporter-output>
        </test-method> <!-- afterMethod -->
        <test-method is-config="true" signature="cleanUp()[pri:0, instance:userloveAdmin.loginTestCase.LoginWithValidCredential@74ea2410]" started-at="2024-03-06T23:31:00 IST" name="cleanUp" finished-at="2024-03-06T23:31:01 IST" duration-ms="306" status="PASS">
          <reporter-output>
          </reporter-output>
        </test-method> <!-- cleanUp -->
        <test-method is-config="true" signature="postCleanUp()[pri:0, instance:userloveAdmin.loginTestCase.LoginWithValidCredential@74ea2410]" started-at="2024-03-06T23:31:01 IST" name="postCleanUp" finished-at="2024-03-06T23:31:01 IST" duration-ms="517" status="PASS">
          <reporter-output>
          </reporter-output>
        </test-method> <!-- postCleanUp -->
      </class> <!-- userloveAdmin.loginTestCase.LoginWithValidCredential -->
    </test> <!-- Userlove Saas Product -->
  </suite> <!-- Userlove -->
</testng-results>
