<?xml version="1.0" encoding="UTF-8"?>
<testng-results ignored="0" total="3" passed="3" failed="0" skipped="0">
  <reporter-output>
  </reporter-output>
  <suite started-at="2026-01-05T17:28:32 IST" name="Default suite" finished-at="2026-01-05T17:29:10 IST" duration-ms="37948">
    <groups>
      <group name="smoke">
        <method signature="LoginWithValidCredential.testLoginPageDisplayed()[pri:1, instance:uzera.loginTestCase.LoginWithValidCredential@4009e306]" name="testLoginPageDisplayed" class="uzera.loginTestCase.LoginWithValidCredential"/>
        <method signature="LoginWithValidCredential.verifyUserloginwithINVALIDCredentials()[pri:2, instance:uzera.loginTestCase.LoginWithValidCredential@4009e306]" name="verifyUserloginwithINVALIDCredentials" class="uzera.loginTestCase.LoginWithValidCredential"/>
        <method signature="LoginWithValidCredential.verifyUserloginwithcorrectCredentials()[pri:3, instance:uzera.loginTestCase.LoginWithValidCredential@4009e306]" name="verifyUserloginwithcorrectCredentials" class="uzera.loginTestCase.LoginWithValidCredential"/>
      </group> <!-- smoke -->
    </groups>
    <test started-at="2026-01-05T17:28:32 IST" name="Default test" finished-at="2026-01-05T17:29:10 IST" duration-ms="37948">
      <class name="uzera.loginTestCase.LoginWithValidCredential">
        <test-method is-config="true" signature="preSetup()[pri:0, instance:uzera.loginTestCase.LoginWithValidCredential@4009e306]" started-at="2026-01-05T17:28:32 IST" name="preSetup" finished-at="2026-01-05T17:28:32 IST" duration-ms="106" status="PASS">
          <reporter-output>
          </reporter-output>
        </test-method> <!-- preSetup -->
        <test-method is-config="true" signature="setup()[pri:0, instance:uzera.loginTestCase.LoginWithValidCredential@4009e306]" started-at="2026-01-05T17:28:32 IST" name="setup" finished-at="2026-01-05T17:28:39 IST" duration-ms="6984" status="PASS">
          <reporter-output>
          </reporter-output>
        </test-method> <!-- setup -->
        <test-method signature="testLoginPageDisplayed()[pri:1, instance:uzera.loginTestCase.LoginWithValidCredential@4009e306]" started-at="2026-01-05T17:28:39 IST" name="testLoginPageDisplayed" finished-at="2026-01-05T17:28:40 IST" duration-ms="1047" status="PASS">
          <reporter-output>
          </reporter-output>
        </test-method> <!-- testLoginPageDisplayed -->
        <test-method is-config="true" signature="afterMethod(org.testng.ITestResult)[pri:0, instance:uzera.loginTestCase.LoginWithValidCredential@4009e306]" started-at="2026-01-05T17:28:40 IST" name="afterMethod" finished-at="2026-01-05T17:28:40 IST" duration-ms="75" status="PASS">
          <params>
            <param index="0">
              <value>
                <![CDATA[[TestResult name=testLoginPageDisplayed status=SUCCESS method=LoginWithValidCredential.testLoginPageDisplayed()[pri:1, instance:uzera.loginTestCase.LoginWithValidCredential@4009e306] output={null}]]]>
              </value>
            </param>
          </params>
          <reporter-output>
          </reporter-output>
        </test-method> <!-- afterMethod -->
        <test-method signature="verifyUserloginwithINVALIDCredentials()[pri:2, instance:uzera.loginTestCase.LoginWithValidCredential@4009e306]" started-at="2026-01-05T17:28:40 IST" name="verifyUserloginwithINVALIDCredentials" finished-at="2026-01-05T17:28:53 IST" duration-ms="13394" status="PASS">
          <reporter-output>
          </reporter-output>
        </test-method> <!-- verifyUserloginwithINVALIDCredentials -->
        <test-method is-config="true" signature="afterMethod(org.testng.ITestResult)[pri:0, instance:uzera.loginTestCase.LoginWithValidCredential@4009e306]" started-at="2026-01-05T17:28:53 IST" name="afterMethod" finished-at="2026-01-05T17:28:54 IST" duration-ms="61" status="PASS">
          <params>
            <param index="0">
              <value>
                <![CDATA[[TestResult name=verifyUserloginwithINVALIDCredentials status=SUCCESS method=LoginWithValidCredential.verifyUserloginwithINVALIDCredentials()[pri:2, instance:uzera.loginTestCase.LoginWithValidCredential@4009e306] output={null}]]]>
              </value>
            </param>
          </params>
          <reporter-output>
          </reporter-output>
        </test-method> <!-- afterMethod -->
        <test-method signature="verifyUserloginwithcorrectCredentials()[pri:3, instance:uzera.loginTestCase.LoginWithValidCredential@4009e306]" started-at="2026-01-05T17:28:54 IST" name="verifyUserloginwithcorrectCredentials" finished-at="2026-01-05T17:29:10 IST" duration-ms="16208" status="PASS">
          <reporter-output>
          </reporter-output>
        </test-method> <!-- verifyUserloginwithcorrectCredentials -->
        <test-method is-config="true" signature="afterMethod(org.testng.ITestResult)[pri:0, instance:uzera.loginTestCase.LoginWithValidCredential@4009e306]" started-at="2026-01-05T17:29:10 IST" name="afterMethod" finished-at="2026-01-05T17:29:10 IST" duration-ms="39" status="PASS">
          <params>
            <param index="0">
              <value>
                <![CDATA[[TestResult name=verifyUserloginwithcorrectCredentials status=SUCCESS method=LoginWithValidCredential.verifyUserloginwithcorrectCredentials()[pri:3, instance:uzera.loginTestCase.LoginWithValidCredential@4009e306] output={null}]]]>
              </value>
            </param>
          </params>
          <reporter-output>
          </reporter-output>
        </test-method> <!-- afterMethod -->
        <test-method is-config="true" signature="cleanUp()[pri:0, instance:uzera.loginTestCase.LoginWithValidCredential@4009e306]" started-at="2026-01-05T17:29:10 IST" name="cleanUp" finished-at="2026-01-05T17:29:10 IST" duration-ms="118" status="PASS">
          <reporter-output>
          </reporter-output>
        </test-method> <!-- cleanUp -->
        <test-method is-config="true" signature="postCleanUp()[pri:0, instance:uzera.loginTestCase.LoginWithValidCredential@4009e306]" started-at="2026-01-05T17:29:15 IST" name="postCleanUp" finished-at="2026-01-05T17:29:15 IST" duration-ms="144" status="PASS">
          <reporter-output>
          </reporter-output>
        </test-method> <!-- postCleanUp -->
      </class> <!-- uzera.loginTestCase.LoginWithValidCredential -->
    </test> <!-- Default test -->
  </suite> <!-- Default suite -->
</testng-results>
