<?xml version="1.0" encoding="UTF-8"?>
<testng-results ignored="0" total="2" passed="2" failed="0" skipped="0">
  <reporter-output>
  </reporter-output>
  <suite started-at="2024-06-14T16:18:40 IST" name="Userlove" finished-at="2024-06-14T16:19:47 IST" duration-ms="66521">
    <groups>
    </groups>
    <test started-at="2024-06-14T16:18:40 IST" name="Userlove Saas Product" finished-at="2024-06-14T16:19:47 IST" duration-ms="66521">
      <class name="userloveAdmin.loginTestCase.LoginWithINVALIDCredential">
        <test-method is-config="true" signature="setup()[pri:0, instance:userloveAdmin.loginTestCase.LoginWithINVALIDCredential@3b69e7d1]" started-at="2024-06-14T16:19:16 IST" name="setup" finished-at="2024-06-14T16:19:32 IST" duration-ms="15917" status="PASS">
          <reporter-output>
          </reporter-output>
        </test-method> <!-- setup -->
        <test-method signature="verifyUserloginwithINVALIDCredentials()[pri:0, instance:userloveAdmin.loginTestCase.LoginWithINVALIDCredential@3b69e7d1]" started-at="2024-06-14T16:19:32 IST" name="verifyUserloginwithINVALIDCredentials" finished-at="2024-06-14T16:19:46 IST" duration-ms="13747" status="PASS">
          <reporter-output>
          </reporter-output>
        </test-method> <!-- verifyUserloginwithINVALIDCredentials -->
        <test-method is-config="true" signature="afterMethod(org.testng.ITestResult)[pri:0, instance:userloveAdmin.loginTestCase.LoginWithINVALIDCredential@3b69e7d1]" started-at="2024-06-14T16:19:46 IST" name="afterMethod" finished-at="2024-06-14T16:19:46 IST" duration-ms="285" status="PASS">
          <params>
            <param index="0">
              <value>
                <![CDATA[[TestResult name=verifyUserloginwithINVALIDCredentials status=SUCCESS method=LoginWithINVALIDCredential.verifyUserloginwithINVALIDCredentials()[pri:0, instance:userloveAdmin.loginTestCase.LoginWithINVALIDCredential@3b69e7d1] output={null}]]]>
              </value>
            </param>
          </params>
          <reporter-output>
          </reporter-output>
        </test-method> <!-- afterMethod -->
        <test-method is-config="true" signature="cleanUp()[pri:0, instance:userloveAdmin.loginTestCase.LoginWithINVALIDCredential@3b69e7d1]" started-at="2024-06-14T16:19:46 IST" name="cleanUp" finished-at="2024-06-14T16:19:47 IST" duration-ms="315" status="PASS">
          <reporter-output>
          </reporter-output>
        </test-method> <!-- cleanUp -->
      </class> <!-- userloveAdmin.loginTestCase.LoginWithINVALIDCredential -->
      <class name="userloveAdmin.loginTestCase.LoginWithValidCredential">
        <test-method is-config="true" signature="preSetup()[pri:0, instance:userloveAdmin.loginTestCase.LoginWithValidCredential@6025e1b6]" started-at="2024-06-14T16:18:40 IST" name="preSetup" finished-at="2024-06-14T16:18:40 IST" duration-ms="645" status="PASS">
          <reporter-output>
          </reporter-output>
        </test-method> <!-- preSetup -->
        <test-method is-config="true" signature="setup()[pri:0, instance:userloveAdmin.loginTestCase.LoginWithValidCredential@6025e1b6]" started-at="2024-06-14T16:18:40 IST" name="setup" finished-at="2024-06-14T16:19:00 IST" duration-ms="19971" status="PASS">
          <reporter-output>
          </reporter-output>
        </test-method> <!-- setup -->
        <test-method signature="verifyUserloginwithcorrectCredentials()[pri:0, instance:userloveAdmin.loginTestCase.LoginWithValidCredential@6025e1b6]" started-at="2024-06-14T16:19:00 IST" name="verifyUserloginwithcorrectCredentials" finished-at="2024-06-14T16:19:16 IST" duration-ms="15419" status="PASS">
          <reporter-output>
          </reporter-output>
        </test-method> <!-- verifyUserloginwithcorrectCredentials -->
        <test-method is-config="true" signature="afterMethod(org.testng.ITestResult)[pri:0, instance:userloveAdmin.loginTestCase.LoginWithValidCredential@6025e1b6]" started-at="2024-06-14T16:19:16 IST" name="afterMethod" finished-at="2024-06-14T16:19:16 IST" duration-ms="146" status="PASS">
          <params>
            <param index="0">
              <value>
                <![CDATA[[TestResult name=verifyUserloginwithcorrectCredentials status=SUCCESS method=LoginWithValidCredential.verifyUserloginwithcorrectCredentials()[pri:0, instance:userloveAdmin.loginTestCase.LoginWithValidCredential@6025e1b6] output={null}]]]>
              </value>
            </param>
          </params>
          <reporter-output>
          </reporter-output>
        </test-method> <!-- afterMethod -->
        <test-method is-config="true" signature="cleanUp()[pri:0, instance:userloveAdmin.loginTestCase.LoginWithValidCredential@6025e1b6]" started-at="2024-06-14T16:19:16 IST" name="cleanUp" finished-at="2024-06-14T16:19:16 IST" duration-ms="656" status="PASS">
          <reporter-output>
          </reporter-output>
        </test-method> <!-- cleanUp -->
        <test-method is-config="true" signature="postCleanUp()[pri:0, instance:userloveAdmin.loginTestCase.LoginWithValidCredential@6025e1b6]" started-at="2024-06-14T16:19:47 IST" name="postCleanUp" finished-at="2024-06-14T16:19:47 IST" duration-ms="563" status="PASS">
          <reporter-output>
          </reporter-output>
        </test-method> <!-- postCleanUp -->
      </class> <!-- userloveAdmin.loginTestCase.LoginWithValidCredential -->
    </test> <!-- Userlove Saas Product -->
  </suite> <!-- Userlove -->
</testng-results>
