<?xml version="1.0" encoding="UTF-8"?>
<testng-results ignored="0" total="2" passed="2" failed="0" skipped="0">
  <reporter-output>
  </reporter-output>
  <suite started-at="2025-12-27T15:52:13 IST" name="Default suite" finished-at="2025-12-27T15:52:25 IST" duration-ms="11889">
    <groups>
    </groups>
    <test started-at="2025-12-27T15:52:13 IST" name="Default test" finished-at="2025-12-27T15:52:25 IST" duration-ms="11889">
      <class name="SingleClassTestNG.LoginTestSingleFile">
        <test-method is-config="true" signature="startSuite()[pri:0, instance:SingleClassTestNG.LoginTestSingleFile@77f1baf5]" started-at="2025-12-27T15:52:13 IST" name="startSuite" finished-at="2025-12-27T15:52:13 IST" duration-ms="143" status="PASS">
          <reporter-output>
          </reporter-output>
        </test-method> <!-- startSuite -->
        <test-method is-config="true" signature="setUp(java.lang.String)[pri:0, instance:SingleClassTestNG.LoginTestSingleFile@77f1baf5]" started-at="2025-12-27T15:52:13 IST" name="setUp" finished-at="2025-12-27T15:52:16 IST" duration-ms="3161" status="PASS">
          <params>
            <param index="0">
              <value>
                <![CDATA[chrome]]>
              </value>
            </param>
          </params>
          <reporter-output>
          </reporter-output>
        </test-method> <!-- setUp -->
        <test-method is-config="true" signature="beforeMethod([Ljava.lang.Object;,java.lang.reflect.Method)[pri:0, instance:SingleClassTestNG.LoginTestSingleFile@77f1baf5]" started-at="2025-12-27T15:52:16 IST" name="beforeMethod" finished-at="2025-12-27T15:52:16 IST" duration-ms="7" status="PASS">
          <params>
            <param index="0">
              <value>
                <![CDATA[[Ljava.lang.Object;@5bc28f40]]>
              </value>
            </param>
            <param index="1">
              <value>
                <![CDATA[public void SingleClassTestNG.LoginTestSingleFile.loginFailure()]]>
              </value>
            </param>
          </params>
          <reporter-output>
          </reporter-output>
        </test-method> <!-- beforeMethod -->
        <test-method signature="loginFailure()[pri:0, instance:SingleClassTestNG.LoginTestSingleFile@77f1baf5]" started-at="2025-12-27T15:52:16 IST" name="loginFailure" finished-at="2025-12-27T15:52:23 IST" duration-ms="6316" status="PASS">
          <reporter-output>
          </reporter-output>
        </test-method> <!-- loginFailure -->
        <test-method is-config="true" signature="afterMethod(org.testng.ITestResult)[pri:0, instance:SingleClassTestNG.LoginTestSingleFile@77f1baf5]" started-at="2025-12-27T15:52:23 IST" name="afterMethod" finished-at="2025-12-27T15:52:23 IST" duration-ms="144" status="PASS">
          <params>
            <param index="0">
              <value>
                <![CDATA[[TestResult name=loginFailure status=SUCCESS method=LoginTestSingleFile.loginFailure()[pri:0, instance:SingleClassTestNG.LoginTestSingleFile@77f1baf5] output={null}]]]>
              </value>
            </param>
          </params>
          <reporter-output>
          </reporter-output>
        </test-method> <!-- afterMethod -->
        <test-method signature="loginSuccess()[pri:0, instance:SingleClassTestNG.LoginTestSingleFile@77f1baf5]" started-at="2025-12-27T15:52:23 IST" name="loginSuccess" finished-at="2025-12-27T15:52:25 IST" duration-ms="2008" status="PASS">
          <reporter-output>
          </reporter-output>
        </test-method> <!-- loginSuccess -->
        <test-method is-config="true" signature="beforeMethod([Ljava.lang.Object;,java.lang.reflect.Method)[pri:0, instance:SingleClassTestNG.LoginTestSingleFile@77f1baf5]" started-at="2025-12-27T15:52:23 IST" name="beforeMethod" finished-at="2025-12-27T15:52:23 IST" duration-ms="0" status="PASS">
          <params>
            <param index="0">
              <value>
                <![CDATA[[Ljava.lang.Object;@46963479]]>
              </value>
            </param>
            <param index="1">
              <value>
                <![CDATA[public void SingleClassTestNG.LoginTestSingleFile.loginSuccess()]]>
              </value>
            </param>
          </params>
          <reporter-output>
          </reporter-output>
        </test-method> <!-- beforeMethod -->
        <test-method is-config="true" signature="afterMethod(org.testng.ITestResult)[pri:0, instance:SingleClassTestNG.LoginTestSingleFile@77f1baf5]" started-at="2025-12-27T15:52:25 IST" name="afterMethod" finished-at="2025-12-27T15:52:25 IST" duration-ms="131" status="PASS">
          <params>
            <param index="0">
              <value>
                <![CDATA[[TestResult name=loginSuccess status=SUCCESS method=LoginTestSingleFile.loginSuccess()[pri:0, instance:SingleClassTestNG.LoginTestSingleFile@77f1baf5] output={null}]]]>
              </value>
            </param>
          </params>
          <reporter-output>
          </reporter-output>
        </test-method> <!-- afterMethod -->
        <test-method is-config="true" signature="tearDown()[pri:0, instance:SingleClassTestNG.LoginTestSingleFile@77f1baf5]" started-at="2025-12-27T15:52:25 IST" name="tearDown" finished-at="2025-12-27T15:52:25 IST" duration-ms="100" status="PASS">
          <reporter-output>
          </reporter-output>
        </test-method> <!-- tearDown -->
        <test-method is-config="true" signature="endSuite()[pri:0, instance:SingleClassTestNG.LoginTestSingleFile@77f1baf5]" started-at="2025-12-27T15:52:30 IST" name="endSuite" finished-at="2025-12-27T15:52:30 IST" duration-ms="207" status="PASS">
          <reporter-output>
          </reporter-output>
        </test-method> <!-- endSuite -->
      </class> <!-- SingleClassTestNG.LoginTestSingleFile -->
    </test> <!-- Default test -->
  </suite> <!-- Default suite -->
</testng-results>
