<?xml version="1.0" encoding="UTF-8"?>
<testng-results ignored="0" total="1" passed="1" failed="0" skipped="0">
  <reporter-output>
  </reporter-output>
  <suite started-at="2023-11-07T15:08:29 IST" name="Default suite" finished-at="2023-11-07T15:09:09 IST" duration-ms="39767">
    <groups>
    </groups>
    <test started-at="2023-11-07T15:08:29 IST" name="Default test" finished-at="2023-11-07T15:09:09 IST" duration-ms="39767">
      <class name="userloveAdmin.loginTestCase.LoginWithValidCredential">
        <test-method is-config="true" signature="preSetup()[pri:0, instance:userloveAdmin.loginTestCase.LoginWithValidCredential@815b41f]" started-at="2023-11-07T15:08:29 IST" name="preSetup" finished-at="2023-11-07T15:08:29 IST" duration-ms="340" status="PASS">
          <reporter-output>
          </reporter-output>
        </test-method> <!-- preSetup -->
        <test-method is-config="true" signature="setup()[pri:0, instance:userloveAdmin.loginTestCase.LoginWithValidCredential@815b41f]" started-at="2023-11-07T15:08:30 IST" name="setup" finished-at="2023-11-07T15:08:51 IST" duration-ms="21907" status="PASS">
          <reporter-output>
          </reporter-output>
        </test-method> <!-- setup -->
        <test-method signature="verifyUserloginwithcorrectCredentials()[pri:0, instance:userloveAdmin.loginTestCase.LoginWithValidCredential@815b41f]" started-at="2023-11-07T15:08:51 IST" name="verifyUserloginwithcorrectCredentials" finished-at="2023-11-07T15:09:08 IST" duration-ms="16112" status="PASS">
          <reporter-output>
          </reporter-output>
        </test-method> <!-- verifyUserloginwithcorrectCredentials -->
        <test-method is-config="true" signature="afterMethod(org.testng.ITestResult)[pri:0, instance:userloveAdmin.loginTestCase.LoginWithValidCredential@815b41f]" started-at="2023-11-07T15:09:08 IST" name="afterMethod" finished-at="2023-11-07T15:09:08 IST" duration-ms="328" status="PASS">
          <params>
            <param index="0">
              <value>
                <![CDATA[[TestResult name=verifyUserloginwithcorrectCredentials status=SUCCESS method=LoginWithValidCredential.verifyUserloginwithcorrectCredentials()[pri:0, instance:userloveAdmin.loginTestCase.LoginWithValidCredential@815b41f] output={null}]]]>
              </value>
            </param>
          </params>
          <reporter-output>
          </reporter-output>
        </test-method> <!-- afterMethod -->
        <test-method is-config="true" signature="cleanUp()[pri:0, instance:userloveAdmin.loginTestCase.LoginWithValidCredential@815b41f]" started-at="2023-11-07T15:09:08 IST" name="cleanUp" finished-at="2023-11-07T15:09:09 IST" duration-ms="1350" status="PASS">
          <reporter-output>
          </reporter-output>
        </test-method> <!-- cleanUp -->
        <test-method is-config="true" signature="postCleanUp()[pri:0, instance:userloveAdmin.loginTestCase.LoginWithValidCredential@815b41f]" started-at="2023-11-07T15:09:09 IST" name="postCleanUp" finished-at="2023-11-07T15:09:10 IST" duration-ms="556" status="PASS">
          <reporter-output>
          </reporter-output>
        </test-method> <!-- postCleanUp -->
      </class> <!-- userloveAdmin.loginTestCase.LoginWithValidCredential -->
    </test> <!-- Default test -->
  </suite> <!-- Default suite -->
</testng-results>
