<?xml version="1.0" encoding="UTF-8"?>
<testng-results ignored="0" total="1" passed="1" failed="0" skipped="0">
  <reporter-output>
  </reporter-output>
  <suite started-at="2025-03-05T18:02:33 IST" name="Default suite" finished-at="2025-03-05T18:02:55 IST" duration-ms="21733">
    <groups>
    </groups>
    <test started-at="2025-03-05T18:02:33 IST" name="Default test" finished-at="2025-03-05T18:02:55 IST" duration-ms="21733">
      <class name="userloveAdmin.loginTestCase.LoginWithValidCredential">
        <test-method is-config="true" signature="preSetup()[pri:0, instance:userloveAdmin.loginTestCase.LoginWithValidCredential@36ebc363]" started-at="2025-03-05T18:02:33 IST" name="preSetup" finished-at="2025-03-05T18:02:33 IST" duration-ms="453" status="PASS">
          <reporter-output>
          </reporter-output>
        </test-method> <!-- preSetup -->
        <test-method is-config="true" signature="setup()[pri:0, instance:userloveAdmin.loginTestCase.LoginWithValidCredential@36ebc363]" started-at="2025-03-05T18:02:33 IST" name="setup" finished-at="2025-03-05T18:02:40 IST" duration-ms="7145" status="PASS">
          <reporter-output>
          </reporter-output>
        </test-method> <!-- setup -->
        <test-method signature="verifyUserloginwithcorrectCredentials()[pri:0, instance:userloveAdmin.loginTestCase.LoginWithValidCredential@36ebc363]" started-at="2025-03-05T18:02:40 IST" name="verifyUserloginwithcorrectCredentials" finished-at="2025-03-05T18:02:54 IST" duration-ms="13973" status="PASS">
          <reporter-output>
          </reporter-output>
        </test-method> <!-- verifyUserloginwithcorrectCredentials -->
        <test-method is-config="true" signature="afterMethod(org.testng.ITestResult)[pri:0, instance:userloveAdmin.loginTestCase.LoginWithValidCredential@36ebc363]" started-at="2025-03-05T18:02:54 IST" name="afterMethod" finished-at="2025-03-05T18:02:55 IST" duration-ms="200" status="PASS">
          <params>
            <param index="0">
              <value>
                <![CDATA[[TestResult name=verifyUserloginwithcorrectCredentials status=SUCCESS method=LoginWithValidCredential.verifyUserloginwithcorrectCredentials()[pri:0, instance:userloveAdmin.loginTestCase.LoginWithValidCredential@36ebc363] output={null}]]]>
              </value>
            </param>
          </params>
          <reporter-output>
          </reporter-output>
        </test-method> <!-- afterMethod -->
        <test-method is-config="true" signature="cleanUp()[pri:0, instance:userloveAdmin.loginTestCase.LoginWithValidCredential@36ebc363]" started-at="2025-03-05T18:02:55 IST" name="cleanUp" finished-at="2025-03-05T18:02:55 IST" duration-ms="363" status="PASS">
          <reporter-output>
          </reporter-output>
        </test-method> <!-- cleanUp -->
        <test-method is-config="true" signature="postCleanUp()[pri:0, instance:userloveAdmin.loginTestCase.LoginWithValidCredential@36ebc363]" started-at="2025-03-05T18:02:55 IST" name="postCleanUp" finished-at="2025-03-05T18:02:56 IST" duration-ms="662" status="PASS">
          <reporter-output>
          </reporter-output>
        </test-method> <!-- postCleanUp -->
      </class> <!-- userloveAdmin.loginTestCase.LoginWithValidCredential -->
    </test> <!-- Default test -->
  </suite> <!-- Default suite -->
</testng-results>
