<?xml version="1.0" encoding="UTF-8"?>
<testng-results ignored="0" total="1" passed="1" failed="0" skipped="0">
  <reporter-output>
  </reporter-output>
  <suite started-at="2023-07-17T17:04:51 IST" name="Default suite" finished-at="2023-07-17T17:06:04 IST" duration-ms="72295">
    <groups>
    </groups>
    <test started-at="2023-07-17T17:04:51 IST" name="Default test" finished-at="2023-07-17T17:06:04 IST" duration-ms="72295">
      <class name="userloveAdmin.smokeTestCase.SmokeTest">
        <test-method is-config="true" signature="preSetup()[pri:0, instance:userloveAdmin.smokeTestCase.SmokeTest@7b9a4292]" started-at="2023-07-17T17:04:51 IST" name="preSetup" finished-at="2023-07-17T17:04:51 IST" duration-ms="365" status="PASS">
          <reporter-output>
          </reporter-output>
        </test-method> <!-- preSetup -->
        <test-method is-config="true" signature="setup()[pri:0, instance:userloveAdmin.smokeTestCase.SmokeTest@7b9a4292]" started-at="2023-07-17T17:04:51 IST" name="setup" finished-at="2023-07-17T17:05:32 IST" duration-ms="40395" status="PASS">
          <reporter-output>
          </reporter-output>
        </test-method> <!-- setup -->
        <test-method signature="verifyUserloginwithcorrectCredentials()[pri:0, instance:userloveAdmin.smokeTestCase.SmokeTest@7b9a4292]" started-at="2023-07-17T17:05:32 IST" name="verifyUserloginwithcorrectCredentials" finished-at="2023-07-17T17:06:02 IST" duration-ms="29865" status="PASS">
          <reporter-output>
          </reporter-output>
        </test-method> <!-- verifyUserloginwithcorrectCredentials -->
        <test-method is-config="true" signature="afterMethod(org.testng.ITestResult)[pri:0, instance:userloveAdmin.smokeTestCase.SmokeTest@7b9a4292]" started-at="2023-07-17T17:06:02 IST" name="afterMethod" finished-at="2023-07-17T17:06:02 IST" duration-ms="456" status="PASS">
          <params>
            <param index="0">
              <value>
                <![CDATA[[TestResult name=verifyUserloginwithcorrectCredentials status=SUCCESS method=SmokeTest.verifyUserloginwithcorrectCredentials()[pri:0, instance:userloveAdmin.smokeTestCase.SmokeTest@7b9a4292] output={null}]]]>
              </value>
            </param>
          </params>
          <reporter-output>
          </reporter-output>
        </test-method> <!-- afterMethod -->
        <test-method is-config="true" signature="cleanUp()[pri:0, instance:userloveAdmin.smokeTestCase.SmokeTest@7b9a4292]" started-at="2023-07-17T17:06:02 IST" name="cleanUp" finished-at="2023-07-17T17:06:04 IST" duration-ms="1518" status="PASS">
          <reporter-output>
          </reporter-output>
        </test-method> <!-- cleanUp -->
        <test-method is-config="true" signature="postCleanUp()[pri:0, instance:userloveAdmin.smokeTestCase.SmokeTest@7b9a4292]" started-at="2023-07-17T17:06:04 IST" name="postCleanUp" finished-at="2023-07-17T17:06:04 IST" duration-ms="596" status="PASS">
          <reporter-output>
          </reporter-output>
        </test-method> <!-- postCleanUp -->
      </class> <!-- userloveAdmin.smokeTestCase.SmokeTest -->
    </test> <!-- Default test -->
  </suite> <!-- Default suite -->
</testng-results>
