<?xml version="1.0" encoding="UTF-8"?>
<testng-results ignored="0" total="1" passed="1" failed="0" skipped="0">
  <reporter-output>
  </reporter-output>
  <suite started-at="2025-03-05T23:53:59 IST" name="Default suite" finished-at="2025-03-05T23:54:23 IST" duration-ms="24807">
    <groups>
    </groups>
    <test started-at="2025-03-05T23:53:59 IST" name="Default test" finished-at="2025-03-05T23:54:23 IST" duration-ms="24807">
      <class name="userloveAdmin.loginTestCase.LoginWithValidCredential">
        <test-method is-config="true" signature="preSetup()[pri:0, instance:userloveAdmin.loginTestCase.LoginWithValidCredential@536f2a7e]" started-at="2025-03-05T23:53:58 IST" name="preSetup" finished-at="2025-03-05T23:53:59 IST" duration-ms="613" status="PASS">
          <reporter-output>
          </reporter-output>
        </test-method> <!-- preSetup -->
        <test-method is-config="true" signature="setup()[pri:0, instance:userloveAdmin.loginTestCase.LoginWithValidCredential@536f2a7e]" started-at="2025-03-05T23:53:59 IST" name="setup" finished-at="2025-03-05T23:54:08 IST" duration-ms="9678" status="PASS">
          <reporter-output>
          </reporter-output>
        </test-method> <!-- setup -->
        <test-method signature="verifyUserloginwithcorrectCredentials()[pri:0, instance:userloveAdmin.loginTestCase.LoginWithValidCredential@536f2a7e]" started-at="2025-03-05T23:54:08 IST" name="verifyUserloginwithcorrectCredentials" finished-at="2025-03-05T23:54:23 IST" duration-ms="14484" status="PASS">
          <reporter-output>
          </reporter-output>
        </test-method> <!-- verifyUserloginwithcorrectCredentials -->
        <test-method is-config="true" signature="afterMethod(org.testng.ITestResult)[pri:0, instance:userloveAdmin.loginTestCase.LoginWithValidCredential@536f2a7e]" started-at="2025-03-05T23:54:23 IST" name="afterMethod" finished-at="2025-03-05T23:54:23 IST" duration-ms="216" status="PASS">
          <params>
            <param index="0">
              <value>
                <![CDATA[[TestResult name=verifyUserloginwithcorrectCredentials status=SUCCESS method=LoginWithValidCredential.verifyUserloginwithcorrectCredentials()[pri:0, instance:userloveAdmin.loginTestCase.LoginWithValidCredential@536f2a7e] output={null}]]]>
              </value>
            </param>
          </params>
          <reporter-output>
          </reporter-output>
        </test-method> <!-- afterMethod -->
        <test-method is-config="true" signature="cleanUp()[pri:0, instance:userloveAdmin.loginTestCase.LoginWithValidCredential@536f2a7e]" started-at="2025-03-05T23:54:23 IST" name="cleanUp" finished-at="2025-03-05T23:54:23 IST" duration-ms="352" status="PASS">
          <reporter-output>
          </reporter-output>
        </test-method> <!-- cleanUp -->
        <test-method is-config="true" signature="postCleanUp()[pri:0, instance:userloveAdmin.loginTestCase.LoginWithValidCredential@536f2a7e]" started-at="2025-03-05T23:54:23 IST" name="postCleanUp" finished-at="2025-03-05T23:54:24 IST" duration-ms="915" status="PASS">
          <reporter-output>
          </reporter-output>
        </test-method> <!-- postCleanUp -->
      </class> <!-- userloveAdmin.loginTestCase.LoginWithValidCredential -->
    </test> <!-- Default test -->
  </suite> <!-- Default suite -->
</testng-results>
