<?xml version="1.0" encoding="UTF-8"?>
<testng-results ignored="2" total="4" passed="2" failed="0" skipped="0">
  <reporter-output>
  </reporter-output>
  <suite started-at="2025-03-05T17:57:14 IST" name="Suite" finished-at="2025-03-05T17:57:57 IST" duration-ms="42973">
    <groups>
    </groups>
    <test started-at="2025-03-05T17:57:14 IST" name="Test" finished-at="2025-03-05T17:57:57 IST" duration-ms="42973">
      <class name="userloveAdmin.loginTestCase.LoginWithINVALIDCredential">
        <test-method is-config="true" signature="setup()[pri:0, instance:userloveAdmin.loginTestCase.LoginWithINVALIDCredential@22ff4249]" started-at="2025-03-05T17:57:38 IST" name="setup" finished-at="2025-03-05T17:57:43 IST" duration-ms="5519" status="PASS">
          <reporter-output>
          </reporter-output>
        </test-method> <!-- setup -->
        <test-method signature="verifyUserloginwithINVALIDCredentials()[pri:0, instance:userloveAdmin.loginTestCase.LoginWithINVALIDCredential@22ff4249]" started-at="2025-03-05T17:57:43 IST" name="verifyUserloginwithINVALIDCredentials" finished-at="2025-03-05T17:57:57 IST" duration-ms="13803" status="PASS">
          <reporter-output>
          </reporter-output>
        </test-method> <!-- verifyUserloginwithINVALIDCredentials -->
        <test-method is-config="true" signature="afterMethod(org.testng.ITestResult)[pri:0, instance:userloveAdmin.loginTestCase.LoginWithINVALIDCredential@22ff4249]" started-at="2025-03-05T17:57:57 IST" name="afterMethod" finished-at="2025-03-05T17:57:57 IST" duration-ms="175" status="PASS">
          <params>
            <param index="0">
              <value>
                <![CDATA[[TestResult name=verifyUserloginwithINVALIDCredentials status=SUCCESS method=LoginWithINVALIDCredential.verifyUserloginwithINVALIDCredentials()[pri:0, instance:userloveAdmin.loginTestCase.LoginWithINVALIDCredential@22ff4249] output={null}]]]>
              </value>
            </param>
          </params>
          <reporter-output>
          </reporter-output>
        </test-method> <!-- afterMethod -->
        <test-method is-config="true" signature="cleanUp()[pri:0, instance:userloveAdmin.loginTestCase.LoginWithINVALIDCredential@22ff4249]" started-at="2025-03-05T17:57:57 IST" name="cleanUp" finished-at="2025-03-05T17:57:57 IST" duration-ms="318" status="PASS">
          <reporter-output>
          </reporter-output>
        </test-method> <!-- cleanUp -->
      </class> <!-- userloveAdmin.loginTestCase.LoginWithINVALIDCredential -->
      <class name="userloveAdmin.loginTestCase.LoginWithValidCredential">
        <test-method is-config="true" signature="preSetup()[pri:0, instance:userloveAdmin.loginTestCase.LoginWithValidCredential@34e9fd99]" started-at="2025-03-05T17:57:14 IST" name="preSetup" finished-at="2025-03-05T17:57:14 IST" duration-ms="621" status="PASS">
          <reporter-output>
          </reporter-output>
        </test-method> <!-- preSetup -->
        <test-method is-config="true" signature="setup()[pri:0, instance:userloveAdmin.loginTestCase.LoginWithValidCredential@34e9fd99]" started-at="2025-03-05T17:57:14 IST" name="setup" finished-at="2025-03-05T17:57:23 IST" duration-ms="8675" status="PASS">
          <reporter-output>
          </reporter-output>
        </test-method> <!-- setup -->
        <test-method signature="verifyUserloginwithcorrectCredentials()[pri:0, instance:userloveAdmin.loginTestCase.LoginWithValidCredential@34e9fd99]" started-at="2025-03-05T17:57:23 IST" name="verifyUserloginwithcorrectCredentials" finished-at="2025-03-05T17:57:37 IST" duration-ms="13788" status="PASS">
          <reporter-output>
          </reporter-output>
        </test-method> <!-- verifyUserloginwithcorrectCredentials -->
        <test-method is-config="true" signature="afterMethod(org.testng.ITestResult)[pri:0, instance:userloveAdmin.loginTestCase.LoginWithValidCredential@34e9fd99]" started-at="2025-03-05T17:57:37 IST" name="afterMethod" finished-at="2025-03-05T17:57:37 IST" duration-ms="225" status="PASS">
          <params>
            <param index="0">
              <value>
                <![CDATA[[TestResult name=verifyUserloginwithcorrectCredentials status=SUCCESS method=LoginWithValidCredential.verifyUserloginwithcorrectCredentials()[pri:0, instance:userloveAdmin.loginTestCase.LoginWithValidCredential@34e9fd99] output={null}]]]>
              </value>
            </param>
          </params>
          <reporter-output>
          </reporter-output>
        </test-method> <!-- afterMethod -->
        <test-method is-config="true" signature="cleanUp()[pri:0, instance:userloveAdmin.loginTestCase.LoginWithValidCredential@34e9fd99]" started-at="2025-03-05T17:57:37 IST" name="cleanUp" finished-at="2025-03-05T17:57:38 IST" duration-ms="389" status="PASS">
          <reporter-output>
          </reporter-output>
        </test-method> <!-- cleanUp -->
        <test-method is-config="true" signature="postCleanUp()[pri:0, instance:userloveAdmin.loginTestCase.LoginWithValidCredential@34e9fd99]" started-at="2025-03-05T17:57:57 IST" name="postCleanUp" finished-at="2025-03-05T17:57:58 IST" duration-ms="629" status="PASS">
          <reporter-output>
          </reporter-output>
        </test-method> <!-- postCleanUp -->
      </class> <!-- userloveAdmin.loginTestCase.LoginWithValidCredential -->
    </test> <!-- Test -->
  </suite> <!-- Suite -->
</testng-results>
