<?xml version="1.0" encoding="UTF-8"?>
<testng-results ignored="0" total="1" passed="0" failed="1" skipped="0">
  <reporter-output>
  </reporter-output>
  <suite started-at="2025-08-03T13:42:05 IST" name="Default suite" finished-at="2025-08-03T13:42:16 IST" duration-ms="11036">
    <groups>
    </groups>
    <test started-at="2025-08-03T13:42:05 IST" name="Default test" finished-at="2025-08-03T13:42:16 IST" duration-ms="11036">
      <class name="userloveAdmin.loginTestCase.LoginWithValidCredential">
        <test-method is-config="true" signature="preSetup()[pri:0, instance:userloveAdmin.loginTestCase.LoginWithValidCredential@229f66ed]" started-at="2025-08-03T13:42:05 IST" name="preSetup" finished-at="2025-08-03T13:42:05 IST" duration-ms="574" status="PASS">
          <reporter-output>
          </reporter-output>
        </test-method> <!-- preSetup -->
        <test-method is-config="true" signature="setup()[pri:0, instance:userloveAdmin.loginTestCase.LoginWithValidCredential@229f66ed]" started-at="2025-08-03T13:42:05 IST" name="setup" finished-at="2025-08-03T13:42:15 IST" duration-ms="9316" status="PASS">
          <reporter-output>
          </reporter-output>
        </test-method> <!-- setup -->
        <test-method signature="verifyUserloginwithcorrectCredentials()[pri:0, instance:userloveAdmin.loginTestCase.LoginWithValidCredential@229f66ed]" started-at="2025-08-03T13:42:15 IST" name="verifyUserloginwithcorrectCredentials" finished-at="2025-08-03T13:42:16 IST" duration-ms="1183" status="FAIL">
          <exception class="org.openqa.selenium.NoSuchElementException">
            <message>
              <![CDATA[no such element: Unable to locate element: {"method":"xpath","selector":"/html/body/div/div/div/div[2]/div/div[1]/form/div[1]/div/div/input"}
  (Session info: chrome=138.0.7204.184)
For documentation on this error, please visit: https://www.selenium.dev/documentation/webdriver/troubleshooting/errors#no-such-element-exception
Build info: version: '4.10.0', revision: 'c14d967899'
System info: os.name: 'Windows 10', os.arch: 'amd64', os.version: '10.0', java.version: '21.0.8'
Driver info: org.openqa.selenium.chrome.ChromeDriver
Command: [89ef1e327aa99f1721cad797fa897b9b, findElement {using=xpath, value=/html/body/div/div/div/div[2]/div/div[1]/form/div[1]/div/div/input}]
Capabilities {acceptInsecureCerts: false, browserName: chrome, browserVersion: 138.0.7204.184, chrome: {chromedriverVersion: 138.0.7204.183 (e90faf484dd..., userDataDir: C:\Users\Admin\AppData\Loca...}, fedcm:accounts: true, goog:chromeOptions: {debuggerAddress: localhost:61208}, networkConnectionEnabled: false, pageLoadStrategy: normal, platformName: windows, proxy: Proxy(), se:cdp: ws://localhost:61208/devtoo..., se:cdpVersion: 138.0.7204.184, setWindowRect: true, strictFileInteractability: false, timeouts: {implicit: 0, pageLoad: 300000, script: 30000}, unhandledPromptBehavior: dismiss and notify, webauthn:extension:credBlob: true, webauthn:extension:largeBlob: true, webauthn:extension:minPinLength: true, webauthn:extension:prf: true, webauthn:virtualAuthenticators: true}
Session ID: 89ef1e327aa99f1721cad797fa897b9b]]>
            </message>
            <full-stacktrace>
              <![CDATA[org.openqa.selenium.NoSuchElementException: no such element: Unable to locate element: {"method":"xpath","selector":"/html/body/div/div/div/div[2]/div/div[1]/form/div[1]/div/div/input"}
  (Session info: chrome=138.0.7204.184)
For documentation on this error, please visit: https://www.selenium.dev/documentation/webdriver/troubleshooting/errors#no-such-element-exception
Build info: version: '4.10.0', revision: 'c14d967899'
System info: os.name: 'Windows 10', os.arch: 'amd64', os.version: '10.0', java.version: '21.0.8'
Driver info: org.openqa.selenium.chrome.ChromeDriver
Command: [89ef1e327aa99f1721cad797fa897b9b, findElement {using=xpath, value=/html/body/div/div/div/div[2]/div/div[1]/form/div[1]/div/div/input}]
Capabilities {acceptInsecureCerts: false, browserName: chrome, browserVersion: 138.0.7204.184, chrome: {chromedriverVersion: 138.0.7204.183 (e90faf484dd..., userDataDir: C:\Users\Admin\AppData\Loca...}, fedcm:accounts: true, goog:chromeOptions: {debuggerAddress: localhost:61208}, networkConnectionEnabled: false, pageLoadStrategy: normal, platformName: windows, proxy: Proxy(), se:cdp: ws://localhost:61208/devtoo..., se:cdpVersion: 138.0.7204.184, setWindowRect: true, strictFileInteractability: false, timeouts: {implicit: 0, pageLoad: 300000, script: 30000}, unhandledPromptBehavior: dismiss and notify, webauthn:extension:credBlob: true, webauthn:extension:largeBlob: true, webauthn:extension:minPinLength: true, webauthn:extension:prf: true, webauthn:virtualAuthenticators: true}
Session ID: 89ef1e327aa99f1721cad797fa897b9b
at java.base/jdk.internal.reflect.DirectConstructorHandleAccessor.newInstance(DirectConstructorHandleAccessor.java:62)
at java.base/java.lang.reflect.Constructor.newInstanceWithCaller(Constructor.java:502)
at java.base/java.lang.reflect.Constructor.newInstance(Constructor.java:486)
at org.openqa.selenium.remote.codec.w3c.W3CHttpResponseCodec.createException(W3CHttpResponseCodec.java:199)
at org.openqa.selenium.remote.codec.w3c.W3CHttpResponseCodec.decode(W3CHttpResponseCodec.java:132)
at org.openqa.selenium.remote.codec.w3c.W3CHttpResponseCodec.decode(W3CHttpResponseCodec.java:51)
at org.openqa.selenium.remote.HttpCommandExecutor.execute(HttpCommandExecutor.java:191)
at org.openqa.selenium.remote.service.DriverCommandExecutor.invokeExecute(DriverCommandExecutor.java:196)
at org.openqa.selenium.remote.service.DriverCommandExecutor.execute(DriverCommandExecutor.java:171)
at org.openqa.selenium.remote.RemoteWebDriver.execute(RemoteWebDriver.java:531)
at org.openqa.selenium.remote.ElementLocation$ElementFinder$2.findElement(ElementLocation.java:165)
at org.openqa.selenium.remote.ElementLocation.findElement(ElementLocation.java:59)
at org.openqa.selenium.remote.RemoteWebDriver.findElement(RemoteWebDriver.java:350)
at org.openqa.selenium.remote.RemoteWebDriver.findElement(RemoteWebDriver.java:344)
at org.openqa.selenium.support.pagefactory.DefaultElementLocator.findElement(DefaultElementLocator.java:68)
at org.openqa.selenium.support.pagefactory.internal.LocatingElementHandler.invoke(LocatingElementHandler.java:38)
at jdk.proxy2/jdk.proxy2.$Proxy20.sendKeys(Unknown Source)
at commonLibs.implementation.CommonElement.setText(CommonElement.java:47)
at userloveAdmin.login.LoginPage.userLogin(LoginPage.java:97)
at userloveAdmin.loginTestCase.LoginWithValidCredential.verifyUserloginwithcorrectCredentials(LoginWithValidCredential.java:25)
at java.base/jdk.internal.reflect.DirectMethodHandleAccessor.invoke(DirectMethodHandleAccessor.java:103)
at java.base/java.lang.reflect.Method.invoke(Method.java:580)
at org.testng.internal.invokers.MethodInvocationHelper.invokeMethod(MethodInvocationHelper.java:139)
at org.testng.internal.invokers.TestInvoker.invokeMethod(TestInvoker.java:677)
at org.testng.internal.invokers.TestInvoker.invokeTestMethod(TestInvoker.java:221)
at org.testng.internal.invokers.MethodRunner.runInSequence(MethodRunner.java:50)
at org.testng.internal.invokers.TestInvoker$MethodInvocationAgent.invoke(TestInvoker.java:969)
at org.testng.internal.invokers.TestInvoker.invokeTestMethods(TestInvoker.java:194)
at org.testng.internal.invokers.TestMethodWorker.invokeTestMethods(TestMethodWorker.java:148)
at org.testng.internal.invokers.TestMethodWorker.run(TestMethodWorker.java:128)
at java.base/java.util.ArrayList.forEach(ArrayList.java:1596)
at org.testng.TestRunner.privateRun(TestRunner.java:829)
at org.testng.TestRunner.run(TestRunner.java:602)
at org.testng.SuiteRunner.runTest(SuiteRunner.java:437)
at org.testng.SuiteRunner.runSequentially(SuiteRunner.java:431)
at org.testng.SuiteRunner.privateRun(SuiteRunner.java:391)
at org.testng.SuiteRunner.run(SuiteRunner.java:330)
at org.testng.SuiteRunnerWorker.runSuite(SuiteRunnerWorker.java:52)
at org.testng.SuiteRunnerWorker.run(SuiteRunnerWorker.java:95)
at org.testng.TestNG.runSuitesSequentially(TestNG.java:1256)
at org.testng.TestNG.runSuitesLocally(TestNG.java:1176)
at org.testng.TestNG.runSuites(TestNG.java:1099)
at org.testng.TestNG.run(TestNG.java:1067)
at org.testng.remote.AbstractRemoteTestNG.run(AbstractRemoteTestNG.java:115)
at org.testng.remote.RemoteTestNG.initAndRun(RemoteTestNG.java:293)
at org.testng.remote.RemoteTestNG.main(RemoteTestNG.java:91)
]]>
            </full-stacktrace>
          </exception> <!-- org.openqa.selenium.NoSuchElementException -->
          <reporter-output>
          </reporter-output>
        </test-method> <!-- verifyUserloginwithcorrectCredentials -->
        <test-method is-config="true" signature="afterMethod(org.testng.ITestResult)[pri:0, instance:userloveAdmin.loginTestCase.LoginWithValidCredential@229f66ed]" started-at="2025-08-03T13:42:16 IST" name="afterMethod" finished-at="2025-08-03T13:42:16 IST" duration-ms="205" status="PASS">
          <params>
            <param index="0">
              <value>
                <![CDATA[[TestResult name=verifyUserloginwithcorrectCredentials status=FAILURE method=LoginWithValidCredential.verifyUserloginwithcorrectCredentials()[pri:0, instance:userloveAdmin.loginTestCase.LoginWithValidCredential@229f66ed] output={null}]]]>
              </value>
            </param>
          </params>
          <reporter-output>
          </reporter-output>
        </test-method> <!-- afterMethod -->
        <test-method is-config="true" signature="cleanUp()[pri:0, instance:userloveAdmin.loginTestCase.LoginWithValidCredential@229f66ed]" started-at="2025-08-03T13:42:16 IST" name="cleanUp" finished-at="2025-08-03T13:42:16 IST" duration-ms="249" status="PASS">
          <reporter-output>
          </reporter-output>
        </test-method> <!-- cleanUp -->
        <test-method is-config="true" signature="postCleanUp()[pri:0, instance:userloveAdmin.loginTestCase.LoginWithValidCredential@229f66ed]" started-at="2025-08-03T13:42:16 IST" name="postCleanUp" finished-at="2025-08-03T13:42:17 IST" duration-ms="621" status="PASS">
          <reporter-output>
          </reporter-output>
        </test-method> <!-- postCleanUp -->
      </class> <!-- userloveAdmin.loginTestCase.LoginWithValidCredential -->
    </test> <!-- Default test -->
  </suite> <!-- Default suite -->
</testng-results>
