<?xml version="1.0" encoding="UTF-8"?>
<!-- Generated by org.testng.reporters.JUnitXMLReporter -->
<testsuite ignored="2" hostname="GSLAP13" failures="0" tests="2" name="Userlove Saas Product" time="66.521" errors="0" timestamp="2024-06-14T16:19:47 IST">
  <testcase classname="userloveAdmin.loginTestCase.LoginWithValidCredential" name="verifyUserloginwithcorrectCredentials" time="15.419"/>
  <testcase classname="userloveAdmin.loginTestCase.LoginWithINVALIDCredential" name="verifyUserloginwithINVALIDCredentials" time="13.747"/>
  <testcase classname="userloveAdmin.loginTestCase.BaseTest" name="@BeforeSuite preSetup" time="0.0">
    <ignored/>
  </testcase> <!-- @BeforeSuite preSetup -->
  <testcase classname="userloveAdmin.loginTestCase.BaseTest" name="@AfterSuite postCleanUp" time="0.0">
    <ignored/>
  </testcase> <!-- @AfterSuite postCleanUp -->
</testsuite> <!-- Userlove Saas Product -->
