<?xml version="1.0" encoding="UTF-8"?>
<!-- Generated by org.testng.reporters.JUnitReportReporter -->
<testsuite hostname="GSLAP13" failures="0" tests="1" name="userloveAdmin.loginTestCase.LoginWithINVALIDCredential" time="14.032" errors="0" timestamp="2024-06-14T16:19:48 IST" skipped="0">
  <testcase classname="userloveAdmin.loginTestCase.LoginWithINVALIDCredential" name="verifyUserloginwithINVALIDCredentials" time="14.032"/>
</testsuite> <!-- userloveAdmin.loginTestCase.LoginWithINVALIDCredential -->
