<?xml version="1.0" encoding="UTF-8"?>
<!-- Generated by org.testng.reporters.JUnitReportReporter -->
<testsuite hostname="admins-Laptop.local" failures="0" tests="2" name="SingleClassTestNG.LoginTestSingleFile" time="8.606" errors="0" timestamp="2025-12-27T15:52:30 IST" skipped="0">
  <testcase classname="SingleClassTestNG.LoginTestSingleFile" name="loginFailure" time="6.454"/>
  <testcase classname="SingleClassTestNG.LoginTestSingleFile" name="loginSuccess" time="2.152"/>
</testsuite> <!-- SingleClassTestNG.LoginTestSingleFile -->
