<?xml version="1.0" encoding="UTF-8"?>
<!-- Generated by org.testng.reporters.JUnitReportReporter -->
<testsuite hostname="admins-Laptop.local" failures="0" tests="3" name="uzera.loginTestCase.LoginWithValidCredential" time="30.824" errors="0" timestamp="2026-01-05T17:29:15 IST" skipped="0">
  <testcase classname="uzera.loginTestCase.LoginWithValidCredential" name="testLoginPageDisplayed" time="1.108"/>
  <testcase classname="uzera.loginTestCase.LoginWithValidCredential" name="verifyUserloginwithINVALIDCredentials" time="13.433"/>
  <testcase classname="uzera.loginTestCase.LoginWithValidCredential" name="verifyUserloginwithcorrectCredentials" time="16.283"/>
</testsuite> <!-- uzera.loginTestCase.LoginWithValidCredential -->
